2025-10-17 03:54:14.832100 [Info] - Starting Installer...
2025-10-17 03:54:14.832255 [Debug] - Parsing install (bash) cmd line args.
2025-10-17 03:54:14.833058 [Info] - Os Type Detected: PlatformType.DEBIAN
2025-10-17 03:54:14.833185 [Debug] - Validating args
2025-10-17 03:54:14.833590 [Info] - Ensuring that time sync is enabled...
2025-10-17 03:54:26.571540 [Debug] - RunShellCommand - sudo apt -y purge ntp ntpdate ntpsec-ntpdate - return: 0; error - 
WARNING: apt does not have a stable CLI interface. Use with caution in scripts.


2025-10-17 03:54:26.571651 [Debug] - TimeSync System Command Success. Cmd: sudo apt -y purge ntp ntpdate ntpsec-ntpdate
2025-10-17 03:54:36.378151 [Debug] - RunShellCommand - sudo apt install -y systemd-timesyncd - return: 0; error - 
WARNING: apt does not have a stable CLI interface. Use with caution in scripts.


2025-10-17 03:54:36.378243 [Debug] - TimeSync System Command Success. Cmd: sudo apt install -y systemd-timesyncd
2025-10-17 03:54:36.653668 [Debug] - RunShellCommand - sudo timedatectl status - return: 0; error - 
2025-10-17 03:54:36.653768 [Debug] - TimeSync Status:
               Local time: Fri 2025-10-17 03:54:36 UTC
           Universal time: Fri 2025-10-17 03:54:36 UTC
                 RTC time: Fri 1970-01-02 00:19:45
                Time zone: Etc/UTC (UTC, +0000)
System clock synchronized: yes
              NTP service: active
          RTC in local TZ: no
 
2025-10-17 03:54:37.380874 [Debug] - RunShellCommand - sudo systemctl daemon-reload - return: 0; error - 
2025-10-17 03:54:37.381014 [Debug] - TimeSync System Command Success. Cmd: sudo systemctl daemon-reload
2025-10-17 03:54:38.113206 [Debug] - RunShellCommand - sudo systemctl enable systemd-timesyncd - return: 0; error - 
2025-10-17 03:54:38.113354 [Debug] - TimeSync System Command Success. Cmd: sudo systemctl enable systemd-timesyncd
2025-10-17 03:54:38.381671 [Debug] - RunShellCommand - sudo systemctl restart systemd-timesyncd - return: 0; error - 
2025-10-17 03:54:38.381767 [Debug] - TimeSync System Command Success. Cmd: sudo systemctl restart systemd-timesyncd
2025-10-17 03:54:38.458355 [Debug] - RunShellCommand - sudo timedatectl set-ntp on - return: 0; error - 
2025-10-17 03:54:38.458452 [Debug] - TimeSync System Command Success. Cmd: sudo timedatectl set-ntp on
2025-10-17 03:54:38.527150 [Debug] - RunShellCommand - sudo timedatectl status - return: 0; error - 
2025-10-17 03:54:38.527247 [Debug] - TimeSync Status:
               Local time: Fri 2025-10-17 03:54:38 UTC
           Universal time: Fri 2025-10-17 03:54:38 UTC
                 RTC time: Fri 1970-01-02 00:19:46
                Time zone: Etc/UTC (UTC, +0000)
System clock synchronized: yes
              NTP service: active
          RTC in local TZ: no
 
2025-10-17 03:54:38.527400 [Debug] - Starting discovery.
2025-10-17 03:54:38.527423 [Debug] - Discovery - Service Files
2025-10-17 03:54:38.527764 [Debug] -  /etc/systemd/system/basic.target.wants
2025-10-17 03:54:38.527998 [Debug] -    /etc/systemd/system/basic.target.wants/armbian-hardware-monitor.service
2025-10-17 03:54:38.528096 [Debug] -    /etc/systemd/system/basic.target.wants/armbian-hardware-optimize.service
2025-10-17 03:54:38.528153 [Debug] -  /etc/systemd/system/bluetooth.target.wants
2025-10-17 03:54:38.528280 [Debug] -    /etc/systemd/system/bluetooth.target.wants/bluetooth.service
2025-10-17 03:54:38.528343 [Debug] -  /etc/systemd/system/crowsnest.service
2025-10-17 03:54:38.528391 [Debug] -  /etc/systemd/system/dbus-fi.w1.wpa_supplicant1.service
2025-10-17 03:54:38.528441 [Debug] -  /etc/systemd/system/dbus-org.bluez.service
2025-10-17 03:54:38.528489 [Debug] -  /etc/systemd/system/dbus-org.freedesktop.Avahi.service
2025-10-17 03:54:38.528538 [Debug] -  /etc/systemd/system/dbus-org.freedesktop.nm-dispatcher.service
2025-10-17 03:54:38.528597 [Debug] -  /etc/systemd/system/dbus-org.freedesktop.timesync1.service
2025-10-17 03:54:38.528647 [Debug] -  /etc/systemd/system/default.target.wants
2025-10-17 03:54:38.528769 [Debug] -    /etc/systemd/system/default.target.wants/e2scrub_reap.service
2025-10-17 03:54:38.528826 [Debug] -  /etc/systemd/system/getty.target.wants
2025-10-17 03:54:38.528935 [Debug] -    /etc/systemd/system/getty.target.wants/getty@tty1.service
2025-10-17 03:54:38.528996 [Debug] -  /etc/systemd/system/graphical.target.wants
2025-10-17 03:54:38.529161 [Debug] -    /etc/systemd/system/graphical.target.wants/bootsplash-hide-when-booted.service
2025-10-17 03:54:38.529268 [Debug] -  /etc/systemd/system/hostapd.service
2025-10-17 03:54:38.529327 [Debug] -  /etc/systemd/system/klipper.service
2025-10-17 03:54:38.529372 [Debug] -  /etc/systemd/system/logrotate.service
2025-10-17 03:54:38.529417 [Debug] -  /etc/systemd/system/moonraker.service
2025-10-17 03:54:38.529461 [Debug] -  /etc/systemd/system/multi-user.target.wants
2025-10-17 03:54:38.529646 [Debug] -    /etc/systemd/system/multi-user.target.wants/NetworkManager.service
2025-10-17 03:54:38.529710 [Debug] -    /etc/systemd/system/multi-user.target.wants/avahi-daemon.service
2025-10-17 03:54:38.529763 [Debug] -    /etc/systemd/system/multi-user.target.wants/cron.service
2025-10-17 03:54:38.529812 [Debug] -    /etc/systemd/system/multi-user.target.wants/crowsnest.service
2025-10-17 03:54:38.529860 [Debug] -    /etc/systemd/system/multi-user.target.wants/hdmi-audio.service
2025-10-17 03:54:38.529922 [Debug] -    /etc/systemd/system/multi-user.target.wants/hostapd.service
2025-10-17 03:54:38.529972 [Debug] -    /etc/systemd/system/multi-user.target.wants/klipper.service
2025-10-17 03:54:38.530019 [Debug] -    /etc/systemd/system/multi-user.target.wants/moonraker.service
2025-10-17 03:54:38.530069 [Debug] -    /etc/systemd/system/multi-user.target.wants/networking.service
2025-10-17 03:54:38.530118 [Debug] -    /etc/systemd/system/multi-user.target.wants/nginx.service
2025-10-17 03:54:38.530167 [Debug] -    /etc/systemd/system/multi-user.target.wants/remote-fs.target
2025-10-17 03:54:38.530217 [Debug] -    /etc/systemd/system/multi-user.target.wants/rsync.service
2025-10-17 03:54:38.530265 [Debug] -    /etc/systemd/system/multi-user.target.wants/ssh.service
2025-10-17 03:54:38.530315 [Debug] -    /etc/systemd/system/multi-user.target.wants/wpa_supplicant.service
2025-10-17 03:54:38.530368 [Debug] -  /etc/systemd/system/network-online.target.wants
2025-10-17 03:54:38.530509 [Debug] -    /etc/systemd/system/network-online.target.wants/networking.service
2025-10-17 03:54:38.530569 [Debug] -  /etc/systemd/system/sockets.target.wants
2025-10-17 03:54:38.530681 [Debug] -    /etc/systemd/system/sockets.target.wants/avahi-daemon.socket
2025-10-17 03:54:38.530739 [Debug] -  /etc/systemd/system/sshd.service
2025-10-17 03:54:38.530789 [Debug] -  /etc/systemd/system/sysinit.target.wants
2025-10-17 03:54:38.530913 [Debug] -    /etc/systemd/system/sysinit.target.wants/armbian-zram-config.service
2025-10-17 03:54:38.530973 [Debug] -    /etc/systemd/system/sysinit.target.wants/fake-hwclock.service
2025-10-17 03:54:38.531023 [Debug] -    /etc/systemd/system/sysinit.target.wants/resolvconf.service
2025-10-17 03:54:38.531072 [Debug] -    /etc/systemd/system/sysinit.target.wants/systemd-pstore.service
2025-10-17 03:54:38.531122 [Debug] -    /etc/systemd/system/sysinit.target.wants/systemd-timesyncd.service
2025-10-17 03:54:38.531203 [Debug] -  /etc/systemd/system/systemd-resolved.service.wants
2025-10-17 03:54:38.531337 [Debug] -    /etc/systemd/system/systemd-resolved.service.wants/resolvconf-pull-resolved.path
2025-10-17 03:54:38.531398 [Debug] -    /etc/systemd/system/systemd-resolved.service.wants/resolvconf-pull-resolved.service
2025-10-17 03:54:38.531451 [Debug] -  /etc/systemd/system/timers.target.wants
2025-10-17 03:54:38.531574 [Debug] -    /etc/systemd/system/timers.target.wants/apt-daily-upgrade.timer
2025-10-17 03:54:38.531636 [Debug] -    /etc/systemd/system/timers.target.wants/apt-daily.timer
2025-10-17 03:54:38.531688 [Debug] -    /etc/systemd/system/timers.target.wants/e2scrub_all.timer
2025-10-17 03:54:38.531756 [Debug] -    /etc/systemd/system/timers.target.wants/fstrim.timer
2025-10-17 03:54:38.531929 [Debug] - Discovery - Config Files In Home Path
2025-10-17 03:54:38.564361 [Debug] -      /home/biqu/crowsnest/resources/crowsnest.conf
2025-10-17 03:54:38.574210 [Debug] -    /home/biqu/fluidd-config/fluidd-moonraker-update.conf
2025-10-17 03:54:38.580374 [Debug] -            /home/biqu/kiauh/kiauh/components/moonraker/assets/moonraker.conf
2025-10-17 03:54:38.581750 [Debug] -            /home/biqu/kiauh/kiauh/components/webui_client/assets/common_vars.conf
2025-10-17 03:54:38.581882 [Debug] -            /home/biqu/kiauh/kiauh/components/webui_client/assets/upstreams.conf
2025-10-17 03:54:38.588928 [Debug] -            /home/biqu/kiauh/kiauh/extensions/pretty_gcode/assets/pgcode.local.conf
2025-10-17 03:54:38.591706 [Debug] -        /home/biqu/kiauh_backups/printer_data/config_20251017-034738/moonraker.conf
2025-10-17 03:54:38.591983 [Debug] -        /home/biqu/kiauh_backups/printer_data/config_20251017-034801/moonraker.conf
2025-10-17 03:54:38.700728 [Debug] -      /home/biqu/moonraker/docs/moonraker.conf
2025-10-17 03:54:38.708684 [Debug] -          /home/biqu/moonraker/tests/assets/moonraker/base_server.conf
2025-10-17 03:54:38.708791 [Debug] -          /home/biqu/moonraker/tests/assets/moonraker/base_server_ssl.conf
2025-10-17 03:54:38.708844 [Debug] -          /home/biqu/moonraker/tests/assets/moonraker/invalid_config.conf
2025-10-17 03:54:38.708943 [Debug] -          /home/biqu/moonraker/tests/assets/moonraker/supplemental.conf
2025-10-17 03:54:38.708990 [Debug] -          /home/biqu/moonraker/tests/assets/moonraker/unparsed_server.conf
2025-10-17 03:54:38.745779 [Debug] -      /home/biqu/printer_data/config/crowsnest.conf
2025-10-17 03:54:38.745918 [Debug] -      /home/biqu/printer_data/config/moonraker.conf
2025-10-17 03:54:38.750569 [Debug] - Searching for moonraker config for /etc/systemd/system/moonraker.service
2025-10-17 03:54:38.750989 [Debug] - Found possible path line: EnvironmentFile=/home/biqu/printer_data/systemd/moonraker.env

2025-10-17 03:54:38.751077 [Debug] - Parsed moonraker config path is [/home/biqu/printer_data/systemd/moonraker.env] - From env parse.
2025-10-17 03:54:38.751831 [Debug] - Moonraker config found in /home/biqu/printer_data/config
2025-10-17 03:54:38.751965 [Debug] - Moonraker service [/etc/systemd/system/moonraker.service] matched to [/home/biqu/printer_data/config/moonraker.conf]
2025-10-17 03:54:38.752205 [Info] - Only one moonraker instance was found, so we are using it! [moonraker.service:/home/biqu/printer_data/config/moonraker.conf]
2025-10-17 03:54:38.752459 [Info] - Starting configuration...
2025-10-17 03:54:38.752532 [Debug] - Moonraker Service File Name: moonraker.service
2025-10-17 03:54:38.752864 [Debug] - Printer data folder: /home/biqu/printer_data
2025-10-17 03:54:38.756281 [Info] - Found moonraker port 7125 in config file.
2025-10-17 03:54:38.756497 [Info] - Configured. Service File Path: /etc/systemd/system/mobileraker.service, Config Dir: /home/biqu/printer_data/config, Logs: /home/biqu/printer_data/logs
2025-10-17 03:54:38.756634 [Info] - Starting Config Writer...
2025-10-17 03:54:38.760734 [Debug] - Mobileraker Config Path: /home/biqu/printer_data/config/mobileraker.conf
2025-10-17 03:54:38.760920 [Info] - Ensuring mobileraker config file exists and is setup correctly.
2025-10-17 03:54:38.761947 [Info] - General section not found, creating it.
2025-10-17 03:54:38.762270 [Warn] - Available Languages:
2025-10-17 03:54:38.762549 [Info] -   1) de
2025-10-17 03:54:38.762676 [Info] -   2) en
2025-10-17 03:54:38.762743 [Info] -   3) fr
2025-10-17 03:54:38.762796 [Info] -   4) hu
2025-10-17 03:54:38.762900 [Info] -   5) uk
2025-10-17 03:54:38.763043 [Info] -   6) ptbr
2025-10-17 03:54:38.763118 [Info] -   7) zhhk
2025-10-17 03:54:38.763170 [Info] -   8) zhcn
2025-10-17 03:54:42.452065 [Info] - Selected language: en
2025-10-17 03:54:42.452298 [Warn] - Note: The language selection can be changed in the mobileraker.conf file later.
2025-10-17 03:54:42.452508 [Error] - Deprecation Warning: The selected language will only be used for app-versions below 2.7.1. For newer versions, the app will sync your mobile device language with the companion.
2025-10-17 03:54:42.453549 [Warn] - No printer sections found in mobileraker.conf, adding a default one.
2025-10-17 03:54:42.453845 [Info] - Do you want me to help you add a printer to the mobileraker.conf file or should I use the default settings?
2025-10-17 03:54:49.407197 [Info] - Okay... I will guide you through the process of adding a printer to the config file.
2025-10-17 03:54:49.407475 [Info] - Please provide the following information:
2025-10-17 03:54:56.932058 [Info] - Printer Configuration for 'default':
2025-10-17 03:54:56.933922 [Info] -   name: default
2025-10-17 03:54:56.934272 [Info] -   moonraker_uri: 127.0.0.1
2025-10-17 03:54:56.934529 [Info] -   moonraker_port: 7125
2025-10-17 03:54:56.934740 [Info] -   moonraker_api_key: False
2025-10-17 03:54:56.934930 [Info] -   snapshot_rotation: 0
2025-10-17 03:55:00.033686 [Debug] - Writing config section: general
2025-10-17 03:55:00.033965 [Debug] - Writing Option: language: en
2025-10-17 03:55:00.034052 [Debug] - Checking for helpers: general.language
2025-10-17 03:55:00.034141 [Debug] - Writing helper: # !!! DEPRECATED. The app now syncs the app's language to the companion
2025-10-17 03:55:00.034204 [Debug] - Writing helper: # one of the supported languages defined in i18n.py#languages (de,en,...)
2025-10-17 03:55:00.034270 [Debug] - Writing helper: # !!! For users from the UK: entering 'uk' will resolve to Ukrainian language, not English. Use 'en' for English!
2025-10-17 03:55:00.034329 [Debug] - Writing helper: # Default: en
2025-10-17 03:55:00.034466 [Debug] - Writing Option: timezone: UTC
2025-10-17 03:55:00.034532 [Debug] - Checking for helpers: general.timezone
2025-10-17 03:55:00.034592 [Debug] - Writing helper: # The system's timezone e.g. Europe/Berlin for Berlin time or US/Central.
2025-10-17 03:55:00.034649 [Debug] - Writing helper: # For more values see https://gist.github.com/heyalexej/8bf688fd67d7199be4a1682b3eec7568
2025-10-17 03:55:00.034716 [Debug] - Writing helper: # Default: Tries to use system timezone
2025-10-17 03:55:00.034792 [Debug] - Writing helper: # Optional
2025-10-17 03:55:00.034933 [Debug] - Writing Option: eta_format: %%d.%%m.%%Y, %%H:%%M:%%S
2025-10-17 03:55:00.035049 [Debug] - Checking for helpers: general.eta_format
2025-10-17 03:55:00.035120 [Debug] - Writing helper: # Format used for eta and adaptive_eta placeholder variables
2025-10-17 03:55:00.035179 [Debug] - Writing helper: # For available options see https://strftime.org/
2025-10-17 03:55:00.035234 [Debug] - Writing helper: # Note that you will have to escape the % char by using a 2nd one e.g.: %d/%m/%Y -> %%d/%%m/%%Y
2025-10-17 03:55:00.035289 [Debug] - Writing helper: # Default: %%d.%%m.%%Y, %%H:%%M:%%S
2025-10-17 03:55:00.035341 [Debug] - Writing helper: # Optional
2025-10-17 03:55:00.035458 [Debug] - Writing Option: include_snapshot: True
2025-10-17 03:55:00.035524 [Debug] - Checking for helpers: general.include_snapshot
2025-10-17 03:55:00.035583 [Debug] - Writing helper: # !! SUPPORTER ONLY - This feature requires beeing a supporter of Mobileraker as of now!
2025-10-17 03:55:00.035638 [Debug] - Writing helper: # Include a snapshot of the webcam in any print status/progress update notifications
2025-10-17 03:55:00.035700 [Debug] - Writing helper: # Default: True
2025-10-17 03:55:00.035755 [Debug] - Writing helper: # Optional
2025-10-17 03:55:00.035883 [Debug] - Writing config section: printer default
2025-10-17 03:55:00.036017 [Debug] - Writing Option: moonraker_uri: ws://127.0.0.1:7125/websocket
2025-10-17 03:55:00.036086 [Debug] - Checking for helpers: printer.moonraker_uri
2025-10-17 03:55:00.036144 [Debug] - Writing helper: # Define the uri to the moonraker instance.
2025-10-17 03:55:00.036198 [Debug] - Writing helper: # Default value: ws://127.0.0.1:7125/websocket
2025-10-17 03:55:00.036252 [Debug] - Writing helper: # Optional
2025-10-17 03:55:00.036361 [Debug] - Writing Option: moonraker_api_key: False
2025-10-17 03:55:00.036425 [Debug] - Checking for helpers: printer.moonraker_api_key
2025-10-17 03:55:00.036484 [Debug] - Writing helper: # Moonraker API key if force_logins or trusted clients is active!
2025-10-17 03:55:00.036974 [Debug] - Writing helper: # Default value: False
2025-10-17 03:55:00.037058 [Debug] - Writing helper: # Optional
2025-10-17 03:55:00.037304 [Debug] - Writing Option: snapshot_uri: http://127.0.0.1/webcam/?action=snapshot
2025-10-17 03:55:00.037384 [Debug] - Checking for helpers: printer.snapshot_uri
2025-10-17 03:55:00.037448 [Debug] - Writing helper: # !! SUPPORTER ONLY - This feature requires beeing a supporter of Mobileraker as of now!
2025-10-17 03:55:00.037505 [Debug] - Writing helper: # The ABSOLUT url to the webcam, the companion should make a screenshot of.
2025-10-17 03:55:00.037560 [Debug] - Writing helper: # Example MJPEG SnapShot url: http://192.168.178.135/webcam/?action=snapshot
2025-10-17 03:55:00.037613 [Debug] - Writing helper: # Optional
2025-10-17 03:55:00.037730 [Debug] - Writing Option: snapshot_rotation: 0
2025-10-17 03:55:00.037794 [Debug] - Checking for helpers: printer.snapshot_rotation
2025-10-17 03:55:00.037852 [Debug] - Writing helper: # !! SUPPORTER ONLY - This feature requires beeing a supporter of Mobileraker as of now!
2025-10-17 03:55:00.037907 [Debug] - Writing helper: # The rotation of the snapshot in degrees
2025-10-17 03:55:00.037962 [Debug] - Writing helper: # Default value: 0
2025-10-17 03:55:00.038018 [Debug] - Writing helper: # Valud Values: 0,90,180,270
2025-10-17 03:55:00.038072 [Debug] - Writing helper: # Optional
2025-10-17 03:55:00.038181 [Debug] - Writing Option: ignore_filament_sensors: 
2025-10-17 03:55:00.038245 [Debug] - Checking for helpers: printer.ignore_filament_sensors
2025-10-17 03:55:00.038304 [Debug] - Writing helper: # Comma separated list of filament sensors to ignore, ignored filament sensors do not trigger
2025-10-17 03:55:00.038361 [Debug] - Writing helper: # a notification if they are triggered. This is useful if you have a filament sensor that is used
2025-10-17 03:55:00.038415 [Debug] - Writing helper: # in a MMU setup like ERCF.
2025-10-17 03:55:00.038469 [Debug] - Writing helper: # IMPORTANT, do not include the sensor type. E.g. if your sensor is configured
2025-10-17 03:55:00.038523 [Debug] - Writing helper: # like: [filament_switch_sensor printhead_sensor] add `printhead_sensor` to the list.
2025-10-17 03:55:00.038577 [Debug] - Writing helper: # Default: empty
2025-10-17 03:55:00.038630 [Debug] - Writing helper: # Optional
2025-10-17 03:55:00.039257 [Info] - Wrote mobileraker config file to: /home/biqu/printer_data/config/mobileraker.conf
2025-10-17 03:55:00.039835 [Info] - Config Writer Completed.
2025-10-17 03:55:00.040410 [Debug] - Updating file ownership for [/home/biqu/mobileraker_companion] to [biqu]...
2025-10-17 03:55:00.069322 [Debug] - Updating file ownership for [/home/biqu/printer_data/config/mobileraker.conf] to [biqu]...
2025-10-17 03:55:00.070308 [Debug] - Updating file ownership for [/home/biqu/printer_data/config/moonraker.conf] to [biqu]...
2025-10-17 03:55:00.071299 [Info] - Setting Up System Service...
2025-10-17 03:55:00.071776 [Debug] - Service config file contents to write:     # Mobileraker Companion Service File
    [Unit]
    Description=Companion app to enable push notifications via mobileraker
    # Start after network and moonraker has started.
    After=network-online.target moonraker.service

    [Install]
    WantedBy=multi-user.target

    # Simple service, targeting the user that was used to install the service, simply running our moonraker py host script.
    [Service]
    Type=simple
    User=biqu
    WorkingDirectory=/home/biqu/mobileraker_companion
    ExecStart=/home/biqu/mobileraker-env/bin/python3 /home/biqu/mobileraker_companion/mobileraker.py -l /home/biqu/printer_data/logs -c /home/biqu/printer_data/config/mobileraker.conf
    Restart=always
    # Since we will only restart on a fatal Logger.Error, set the restart time to be a bit higher, so we don't spin and spam.
    RestartSec=10

2025-10-17 03:55:00.072039 [Info] - Creating service file /etc/systemd/system/mobileraker.service...
2025-10-17 03:55:00.073178 [Info] - Registering service...
2025-10-17 03:55:00.843665 [Debug] - RunShellCommand - systemctl enable mobileraker - return: 0; error - Created symlink /etc/systemd/system/multi-user.target.wants/mobileraker.service → /etc/systemd/system/mobileraker.service.

2025-10-17 03:55:01.552586 [Debug] - RunShellCommand - systemctl daemon-reload - return: 0; error - 
2025-10-17 03:55:01.552895 [Info] - Starting service...
2025-10-17 03:55:01.594403 [Debug] - RunShellCommand - systemctl restart mobileraker.service - return: 0; error - 
2025-10-17 03:55:01.594666 [Info] - Service setup and start complete!
2025-10-17 03:55:01.594948 [Info] - Adding service to moonraker asv file...
2025-10-17 03:55:01.597646 [Info] - Added service to moonraker asv file.
2025-10-17 03:55:01.597966 [Info] -   ~~~ Mobileraker Companion installation Complete ~~~
2025-10-17 03:55:01.598131 [Info] -                    Happy Printing!
2025-10-17 03:55:01.598254 [Error] -                           <3
